<?xml version="1.0" encoding="UTF-8"?>
<beans xmlns="http://www.springframework.org/schema/beans"
       xmlns:xsi="http://www.w3.org/2001/XMLSchema-instance"
       xmlns:context="http://www.springframework.org/schema/context"
       xsi:schemaLocation="http://www.springframework.org/schema/beans
        http://www.springframework.org/schema/beans/spring-beans.xsd
        http://www.springframework.org/schema/context
        https://www.springframework.org/schema/context/spring-context.xsd">


    <context:component-scan base-package="com.ljt.study.code.test" />

    <bean class="org.springframework.context.support.PropertySourcesPlaceholderConfigurer">
        <property name="locations">
            <list>
                <value>classpath:code/test.properties</value>
            </list>
        </property>
    </bean>

    <bean id="testBean" class="com.ljt.study.code.test.XmlBean">
        <property name="id" value="${xml.bean.id}" />
        <property name="name" value="${xml.bean.name}" />
    </bean>

</beans>